ERROR 19353 [2016-02-09 22:26:47,048] [Thread-2] polimi.deib.rsp_services_csparql.streams.SingleStreamDataServer  - Connect to localhost:15670 [localhost/127.0.0.1, localhost/0:0:0:0:0:0:0:1] failed: Connection refused: connect
org.apache.http.conn.HttpHostConnectException: Connect to localhost:15670 [localhost/127.0.0.1, localhost/0:0:0:0:0:0:0:1] failed: Connection refused: connect
	at org.apache.http.impl.conn.DefaultHttpClientConnectionOperator.connect(DefaultHttpClientConnectionOperator.java:149)
	at org.apache.http.impl.conn.PoolingHttpClientConnectionManager.connect(PoolingHttpClientConnectionManager.java:349)
	at org.apache.http.impl.execchain.MainClientExec.establishRoute(MainClientExec.java:365)
	at org.apache.http.impl.execchain.MainClientExec.execute(MainClientExec.java:221)
	at org.apache.http.impl.execchain.ProtocolExec.execute(ProtocolExec.java:199)
	at org.apache.http.impl.execchain.RetryExec.execute(RetryExec.java:87)
	at org.apache.http.impl.execchain.RedirectExec.execute(RedirectExec.java:109)
	at org.apache.http.impl.client.InternalHttpClient.doExecute(InternalHttpClient.java:184)
	at org.apache.http.impl.client.CloseableHttpClient.execute(CloseableHttpClient.java:84)
	at org.apache.http.impl.client.CloseableHttpClient.execute(CloseableHttpClient.java:109)
	at polimi.deib.rsp_services_csparql.streams.SingleStreamDataServer.registerStream(SingleStreamDataServer.java:141)
	at sun.reflect.NativeMethodAccessorImpl.invoke0(Native Method)
	at sun.reflect.NativeMethodAccessorImpl.invoke(NativeMethodAccessorImpl.java:57)
	at sun.reflect.DelegatingMethodAccessorImpl.invoke(DelegatingMethodAccessorImpl.java:43)
	at java.lang.reflect.Method.invoke(Method.java:606)
	at org.restlet.resource.ServerResource.doHandle(ServerResource.java:524)
	at org.restlet.resource.ServerResource.doHandle(ServerResource.java:575)
	at org.restlet.resource.ServerResource.put(ServerResource.java:1374)
	at org.restlet.resource.ServerResource.doHandle(ServerResource.java:447)
	at org.restlet.resource.ServerResource.doNegotiatedHandle(ServerResource.java:683)
	at org.restlet.resource.ServerResource.doConditionalHandle(ServerResource.java:357)
	at org.restlet.resource.ServerResource.handle(ServerResource.java:1014)
	at org.restlet.resource.Finder.handle(Finder.java:246)
	at org.restlet.routing.Filter.doHandle(Filter.java:159)
	at org.restlet.routing.Filter.handle(Filter.java:206)
	at org.restlet.routing.Router.doHandle(Router.java:431)
	at org.restlet.routing.Router.handle(Router.java:648)
	at org.restlet.routing.Filter.doHandle(Filter.java:159)
	at org.restlet.routing.Filter.handle(Filter.java:206)
	at org.restlet.routing.Filter.doHandle(Filter.java:159)
	at org.restlet.routing.Filter.handle(Filter.java:206)
	at org.restlet.routing.Filter.doHandle(Filter.java:159)
	at org.restlet.engine.application.StatusFilter.doHandle(StatusFilter.java:155)
	at org.restlet.routing.Filter.handle(Filter.java:206)
	at org.restlet.routing.Filter.doHandle(Filter.java:159)
	at org.restlet.routing.Filter.handle(Filter.java:206)
	at org.restlet.engine.CompositeHelper.handle(CompositeHelper.java:211)
	at org.restlet.engine.application.ApplicationHelper.handle(ApplicationHelper.java:84)
	at org.restlet.Application.handle(Application.java:384)
	at org.restlet.routing.Filter.doHandle(Filter.java:159)
	at org.restlet.routing.Filter.handle(Filter.java:206)
	at org.restlet.routing.Router.doHandle(Router.java:431)
	at org.restlet.routing.Router.handle(Router.java:648)
	at org.restlet.routing.Filter.doHandle(Filter.java:159)
	at org.restlet.routing.Filter.handle(Filter.java:206)
	at org.restlet.routing.Router.doHandle(Router.java:431)
	at org.restlet.routing.Router.handle(Router.java:648)
	at org.restlet.routing.Filter.doHandle(Filter.java:159)
	at org.restlet.engine.application.StatusFilter.doHandle(StatusFilter.java:155)
	at org.restlet.routing.Filter.handle(Filter.java:206)
	at org.restlet.routing.Filter.doHandle(Filter.java:159)
	at org.restlet.routing.Filter.handle(Filter.java:206)
	at org.restlet.engine.CompositeHelper.handle(CompositeHelper.java:211)
	at org.restlet.Component.handle(Component.java:406)
	at org.restlet.Server.handle(Server.java:516)
	at org.restlet.engine.connector.ServerHelper.handle(ServerHelper.java:72)
	at org.restlet.engine.adapter.HttpServerHelper.handle(HttpServerHelper.java:152)
	at org.restlet.engine.connector.HttpServerHelper$1.handle(HttpServerHelper.java:73)
	at com.sun.net.httpserver.Filter$Chain.doFilter(Filter.java:77)
	at sun.net.httpserver.AuthFilter.doFilter(AuthFilter.java:83)
	at com.sun.net.httpserver.Filter$Chain.doFilter(Filter.java:80)
	at sun.net.httpserver.ServerImpl$Exchange$LinkHandler.handle(ServerImpl.java:677)
	at com.sun.net.httpserver.Filter$Chain.doFilter(Filter.java:77)
	at sun.net.httpserver.ServerImpl$Exchange.run(ServerImpl.java:649)
	at sun.net.httpserver.ServerImpl$DefaultExecutor.execute(ServerImpl.java:158)
	at sun.net.httpserver.ServerImpl$Dispatcher.handle(ServerImpl.java:433)
	at sun.net.httpserver.ServerImpl$Dispatcher.run(ServerImpl.java:398)
	at java.lang.Thread.run(Thread.java:745)
Caused by: java.net.ConnectException: Connection refused: connect
	at java.net.DualStackPlainSocketImpl.connect0(Native Method)
	at java.net.DualStackPlainSocketImpl.socketConnect(DualStackPlainSocketImpl.java:79)
	at java.net.AbstractPlainSocketImpl.doConnect(AbstractPlainSocketImpl.java:339)
	at java.net.AbstractPlainSocketImpl.connectToAddress(AbstractPlainSocketImpl.java:200)
	at java.net.AbstractPlainSocketImpl.connect(AbstractPlainSocketImpl.java:182)
	at java.net.PlainSocketImpl.connect(PlainSocketImpl.java:172)
	at java.net.SocksSocketImpl.connect(SocksSocketImpl.java:392)
	at java.net.Socket.connect(Socket.java:579)
	at org.apache.http.conn.socket.PlainConnectionSocketFactory.connectSocket(PlainConnectionSocketFactory.java:74)
	at org.apache.http.impl.conn.DefaultHttpClientConnectionOperator.connect(DefaultHttpClientConnectionOperator.java:132)
	... 67 more
ERROR 23502 [2016-02-13 21:22:19,240] [Thread-2] polimi.deib.rsp_services_csparql.streams.SingleStreamDataServer  - Connect to localhost:15670 [localhost/127.0.0.1, localhost/0:0:0:0:0:0:0:1] failed: Connection refused: connect
org.apache.http.conn.HttpHostConnectException: Connect to localhost:15670 [localhost/127.0.0.1, localhost/0:0:0:0:0:0:0:1] failed: Connection refused: connect
	at org.apache.http.impl.conn.DefaultHttpClientConnectionOperator.connect(DefaultHttpClientConnectionOperator.java:149)
	at org.apache.http.impl.conn.PoolingHttpClientConnectionManager.connect(PoolingHttpClientConnectionManager.java:349)
	at org.apache.http.impl.execchain.MainClientExec.establishRoute(MainClientExec.java:365)
	at org.apache.http.impl.execchain.MainClientExec.execute(MainClientExec.java:221)
	at org.apache.http.impl.execchain.ProtocolExec.execute(ProtocolExec.java:199)
	at org.apache.http.impl.execchain.RetryExec.execute(RetryExec.java:87)
	at org.apache.http.impl.execchain.RedirectExec.execute(RedirectExec.java:109)
	at org.apache.http.impl.client.InternalHttpClient.doExecute(InternalHttpClient.java:184)
	at org.apache.http.impl.client.CloseableHttpClient.execute(CloseableHttpClient.java:84)
	at org.apache.http.impl.client.CloseableHttpClient.execute(CloseableHttpClient.java:109)
	at polimi.deib.rsp_services_csparql.streams.SingleStreamDataServer.registerStream(SingleStreamDataServer.java:141)
	at sun.reflect.NativeMethodAccessorImpl.invoke0(Native Method)
	at sun.reflect.NativeMethodAccessorImpl.invoke(NativeMethodAccessorImpl.java:57)
	at sun.reflect.DelegatingMethodAccessorImpl.invoke(DelegatingMethodAccessorImpl.java:43)
	at java.lang.reflect.Method.invoke(Method.java:606)
	at org.restlet.resource.ServerResource.doHandle(ServerResource.java:524)
	at org.restlet.resource.ServerResource.doHandle(ServerResource.java:575)
	at org.restlet.resource.ServerResource.put(ServerResource.java:1374)
	at org.restlet.resource.ServerResource.doHandle(ServerResource.java:447)
	at org.restlet.resource.ServerResource.doNegotiatedHandle(ServerResource.java:683)
	at org.restlet.resource.ServerResource.doConditionalHandle(ServerResource.java:357)
	at org.restlet.resource.ServerResource.handle(ServerResource.java:1014)
	at org.restlet.resource.Finder.handle(Finder.java:246)
	at org.restlet.routing.Filter.doHandle(Filter.java:159)
	at org.restlet.routing.Filter.handle(Filter.java:206)
	at org.restlet.routing.Router.doHandle(Router.java:431)
	at org.restlet.routing.Router.handle(Router.java:648)
	at org.restlet.routing.Filter.doHandle(Filter.java:159)
	at org.restlet.routing.Filter.handle(Filter.java:206)
	at org.restlet.routing.Filter.doHandle(Filter.java:159)
	at org.restlet.routing.Filter.handle(Filter.java:206)
	at org.restlet.routing.Filter.doHandle(Filter.java:159)
	at org.restlet.engine.application.StatusFilter.doHandle(StatusFilter.java:155)
	at org.restlet.routing.Filter.handle(Filter.java:206)
	at org.restlet.routing.Filter.doHandle(Filter.java:159)
	at org.restlet.routing.Filter.handle(Filter.java:206)
	at org.restlet.engine.CompositeHelper.handle(CompositeHelper.java:211)
	at org.restlet.engine.application.ApplicationHelper.handle(ApplicationHelper.java:84)
	at org.restlet.Application.handle(Application.java:384)
	at org.restlet.routing.Filter.doHandle(Filter.java:159)
	at org.restlet.routing.Filter.handle(Filter.java:206)
	at org.restlet.routing.Router.doHandle(Router.java:431)
	at org.restlet.routing.Router.handle(Router.java:648)
	at org.restlet.routing.Filter.doHandle(Filter.java:159)
	at org.restlet.routing.Filter.handle(Filter.java:206)
	at org.restlet.routing.Router.doHandle(Router.java:431)
	at org.restlet.routing.Router.handle(Router.java:648)
	at org.restlet.routing.Filter.doHandle(Filter.java:159)
	at org.restlet.engine.application.StatusFilter.doHandle(StatusFilter.java:155)
	at org.restlet.routing.Filter.handle(Filter.java:206)
	at org.restlet.routing.Filter.doHandle(Filter.java:159)
	at org.restlet.routing.Filter.handle(Filter.java:206)
	at org.restlet.engine.CompositeHelper.handle(CompositeHelper.java:211)
	at org.restlet.Component.handle(Component.java:406)
	at org.restlet.Server.handle(Server.java:516)
	at org.restlet.engine.connector.ServerHelper.handle(ServerHelper.java:72)
	at org.restlet.engine.adapter.HttpServerHelper.handle(HttpServerHelper.java:152)
	at org.restlet.engine.connector.HttpServerHelper$1.handle(HttpServerHelper.java:73)
	at com.sun.net.httpserver.Filter$Chain.doFilter(Filter.java:77)
	at sun.net.httpserver.AuthFilter.doFilter(AuthFilter.java:83)
	at com.sun.net.httpserver.Filter$Chain.doFilter(Filter.java:80)
	at sun.net.httpserver.ServerImpl$Exchange$LinkHandler.handle(ServerImpl.java:677)
	at com.sun.net.httpserver.Filter$Chain.doFilter(Filter.java:77)
	at sun.net.httpserver.ServerImpl$Exchange.run(ServerImpl.java:649)
	at sun.net.httpserver.ServerImpl$DefaultExecutor.execute(ServerImpl.java:158)
	at sun.net.httpserver.ServerImpl$Dispatcher.handle(ServerImpl.java:433)
	at sun.net.httpserver.ServerImpl$Dispatcher.run(ServerImpl.java:398)
	at java.lang.Thread.run(Thread.java:745)
Caused by: java.net.ConnectException: Connection refused: connect
	at java.net.DualStackPlainSocketImpl.connect0(Native Method)
	at java.net.DualStackPlainSocketImpl.socketConnect(DualStackPlainSocketImpl.java:79)
	at java.net.AbstractPlainSocketImpl.doConnect(AbstractPlainSocketImpl.java:339)
	at java.net.AbstractPlainSocketImpl.connectToAddress(AbstractPlainSocketImpl.java:200)
	at java.net.AbstractPlainSocketImpl.connect(AbstractPlainSocketImpl.java:182)
	at java.net.PlainSocketImpl.connect(PlainSocketImpl.java:172)
	at java.net.SocksSocketImpl.connect(SocksSocketImpl.java:392)
	at java.net.Socket.connect(Socket.java:579)
	at org.apache.http.conn.socket.PlainConnectionSocketFactory.connectSocket(PlainConnectionSocketFactory.java:74)
	at org.apache.http.impl.conn.DefaultHttpClientConnectionOperator.connect(DefaultHttpClientConnectionOperator.java:132)
	... 67 more
ERROR 11652 [2016-02-13 21:34:44,128] [Thread-2] polimi.deib.rsp_services_csparql.streams.SingleStreamDataServer  - Connection reset
java.net.SocketException: Connection reset
	at java.net.SocketInputStream.read(SocketInputStream.java:196)
	at java.net.SocketInputStream.read(SocketInputStream.java:122)
	at org.apache.http.impl.io.SessionInputBufferImpl.streamRead(SessionInputBufferImpl.java:139)
	at org.apache.http.impl.io.SessionInputBufferImpl.fillBuffer(SessionInputBufferImpl.java:155)
	at org.apache.http.impl.io.SessionInputBufferImpl.readLine(SessionInputBufferImpl.java:284)
	at org.apache.http.impl.conn.DefaultHttpResponseParser.parseHead(DefaultHttpResponseParser.java:140)
	at org.apache.http.impl.conn.DefaultHttpResponseParser.parseHead(DefaultHttpResponseParser.java:57)
	at org.apache.http.impl.io.AbstractMessageParser.parse(AbstractMessageParser.java:261)
	at org.apache.http.impl.DefaultBHttpClientConnection.receiveResponseHeader(DefaultBHttpClientConnection.java:165)
	at org.apache.http.impl.conn.CPoolProxy.receiveResponseHeader(CPoolProxy.java:167)
	at org.apache.http.protocol.HttpRequestExecutor.doReceiveResponse(HttpRequestExecutor.java:271)
	at org.apache.http.protocol.HttpRequestExecutor.execute(HttpRequestExecutor.java:123)
	at org.apache.http.impl.execchain.MainClientExec.execute(MainClientExec.java:256)
	at org.apache.http.impl.execchain.ProtocolExec.execute(ProtocolExec.java:199)
	at org.apache.http.impl.execchain.RetryExec.execute(RetryExec.java:87)
	at org.apache.http.impl.execchain.RedirectExec.execute(RedirectExec.java:109)
	at org.apache.http.impl.client.InternalHttpClient.doExecute(InternalHttpClient.java:184)
	at org.apache.http.impl.client.CloseableHttpClient.execute(CloseableHttpClient.java:84)
	at org.apache.http.impl.client.CloseableHttpClient.execute(CloseableHttpClient.java:109)
	at polimi.deib.rsp_services_csparql.streams.SingleStreamDataServer.registerStream(SingleStreamDataServer.java:124)
	at sun.reflect.NativeMethodAccessorImpl.invoke0(Native Method)
	at sun.reflect.NativeMethodAccessorImpl.invoke(NativeMethodAccessorImpl.java:57)
	at sun.reflect.DelegatingMethodAccessorImpl.invoke(DelegatingMethodAccessorImpl.java:43)
	at java.lang.reflect.Method.invoke(Method.java:606)
	at org.restlet.resource.ServerResource.doHandle(ServerResource.java:524)
	at org.restlet.resource.ServerResource.doHandle(ServerResource.java:575)
	at org.restlet.resource.ServerResource.put(ServerResource.java:1374)
	at org.restlet.resource.ServerResource.doHandle(ServerResource.java:447)
	at org.restlet.resource.ServerResource.doNegotiatedHandle(ServerResource.java:683)
	at org.restlet.resource.ServerResource.doConditionalHandle(ServerResource.java:357)
	at org.restlet.resource.ServerResource.handle(ServerResource.java:1014)
	at org.restlet.resource.Finder.handle(Finder.java:246)
	at org.restlet.routing.Filter.doHandle(Filter.java:159)
	at org.restlet.routing.Filter.handle(Filter.java:206)
	at org.restlet.routing.Router.doHandle(Router.java:431)
	at org.restlet.routing.Router.handle(Router.java:648)
	at org.restlet.routing.Filter.doHandle(Filter.java:159)
	at org.restlet.routing.Filter.handle(Filter.java:206)
	at org.restlet.routing.Filter.doHandle(Filter.java:159)
	at org.restlet.routing.Filter.handle(Filter.java:206)
	at org.restlet.routing.Filter.doHandle(Filter.java:159)
	at org.restlet.engine.application.StatusFilter.doHandle(StatusFilter.java:155)
	at org.restlet.routing.Filter.handle(Filter.java:206)
	at org.restlet.routing.Filter.doHandle(Filter.java:159)
	at org.restlet.routing.Filter.handle(Filter.java:206)
	at org.restlet.engine.CompositeHelper.handle(CompositeHelper.java:211)
	at org.restlet.engine.application.ApplicationHelper.handle(ApplicationHelper.java:84)
	at org.restlet.Application.handle(Application.java:384)
	at org.restlet.routing.Filter.doHandle(Filter.java:159)
	at org.restlet.routing.Filter.handle(Filter.java:206)
	at org.restlet.routing.Router.doHandle(Router.java:431)
	at org.restlet.routing.Router.handle(Router.java:648)
	at org.restlet.routing.Filter.doHandle(Filter.java:159)
	at org.restlet.routing.Filter.handle(Filter.java:206)
	at org.restlet.routing.Router.doHandle(Router.java:431)
	at org.restlet.routing.Router.handle(Router.java:648)
	at org.restlet.routing.Filter.doHandle(Filter.java:159)
	at org.restlet.engine.application.StatusFilter.doHandle(StatusFilter.java:155)
	at org.restlet.routing.Filter.handle(Filter.java:206)
	at org.restlet.routing.Filter.doHandle(Filter.java:159)
	at org.restlet.routing.Filter.handle(Filter.java:206)
	at org.restlet.engine.CompositeHelper.handle(CompositeHelper.java:211)
	at org.restlet.Component.handle(Component.java:406)
	at org.restlet.Server.handle(Server.java:516)
	at org.restlet.engine.connector.ServerHelper.handle(ServerHelper.java:72)
	at org.restlet.engine.adapter.HttpServerHelper.handle(HttpServerHelper.java:152)
	at org.restlet.engine.connector.HttpServerHelper$1.handle(HttpServerHelper.java:73)
	at com.sun.net.httpserver.Filter$Chain.doFilter(Filter.java:77)
	at sun.net.httpserver.AuthFilter.doFilter(AuthFilter.java:83)
	at com.sun.net.httpserver.Filter$Chain.doFilter(Filter.java:80)
	at sun.net.httpserver.ServerImpl$Exchange$LinkHandler.handle(ServerImpl.java:677)
	at com.sun.net.httpserver.Filter$Chain.doFilter(Filter.java:77)
	at sun.net.httpserver.ServerImpl$Exchange.run(ServerImpl.java:649)
	at sun.net.httpserver.ServerImpl$DefaultExecutor.execute(ServerImpl.java:158)
	at sun.net.httpserver.ServerImpl$Dispatcher.handle(ServerImpl.java:433)
	at sun.net.httpserver.ServerImpl$Dispatcher.run(ServerImpl.java:398)
	at java.lang.Thread.run(Thread.java:745)
ERROR 11975 [2016-02-13 22:30:09,844] [Thread-2] polimi.deib.rsp_services_csparql.streams.SingleStreamDataServer  - Connection reset
java.net.SocketException: Connection reset
	at java.net.SocketInputStream.read(SocketInputStream.java:196)
	at java.net.SocketInputStream.read(SocketInputStream.java:122)
	at org.apache.http.impl.io.SessionInputBufferImpl.streamRead(SessionInputBufferImpl.java:139)
	at org.apache.http.impl.io.SessionInputBufferImpl.fillBuffer(SessionInputBufferImpl.java:155)
	at org.apache.http.impl.io.SessionInputBufferImpl.readLine(SessionInputBufferImpl.java:284)
	at org.apache.http.impl.conn.DefaultHttpResponseParser.parseHead(DefaultHttpResponseParser.java:140)
	at org.apache.http.impl.conn.DefaultHttpResponseParser.parseHead(DefaultHttpResponseParser.java:57)
	at org.apache.http.impl.io.AbstractMessageParser.parse(AbstractMessageParser.java:261)
	at org.apache.http.impl.DefaultBHttpClientConnection.receiveResponseHeader(DefaultBHttpClientConnection.java:165)
	at org.apache.http.impl.conn.CPoolProxy.receiveResponseHeader(CPoolProxy.java:167)
	at org.apache.http.protocol.HttpRequestExecutor.doReceiveResponse(HttpRequestExecutor.java:271)
	at org.apache.http.protocol.HttpRequestExecutor.execute(HttpRequestExecutor.java:123)
	at org.apache.http.impl.execchain.MainClientExec.execute(MainClientExec.java:256)
	at org.apache.http.impl.execchain.ProtocolExec.execute(ProtocolExec.java:199)
	at org.apache.http.impl.execchain.RetryExec.execute(RetryExec.java:87)
	at org.apache.http.impl.execchain.RedirectExec.execute(RedirectExec.java:109)
	at org.apache.http.impl.client.InternalHttpClient.doExecute(InternalHttpClient.java:184)
	at org.apache.http.impl.client.CloseableHttpClient.execute(CloseableHttpClient.java:84)
	at org.apache.http.impl.client.CloseableHttpClient.execute(CloseableHttpClient.java:109)
	at polimi.deib.rsp_services_csparql.streams.SingleStreamDataServer.registerStream(SingleStreamDataServer.java:124)
	at sun.reflect.NativeMethodAccessorImpl.invoke0(Native Method)
	at sun.reflect.NativeMethodAccessorImpl.invoke(NativeMethodAccessorImpl.java:57)
	at sun.reflect.DelegatingMethodAccessorImpl.invoke(DelegatingMethodAccessorImpl.java:43)
	at java.lang.reflect.Method.invoke(Method.java:606)
	at org.restlet.resource.ServerResource.doHandle(ServerResource.java:524)
	at org.restlet.resource.ServerResource.doHandle(ServerResource.java:575)
	at org.restlet.resource.ServerResource.put(ServerResource.java:1374)
	at org.restlet.resource.ServerResource.doHandle(ServerResource.java:447)
	at org.restlet.resource.ServerResource.doNegotiatedHandle(ServerResource.java:683)
	at org.restlet.resource.ServerResource.doConditionalHandle(ServerResource.java:357)
	at org.restlet.resource.ServerResource.handle(ServerResource.java:1014)
	at org.restlet.resource.Finder.handle(Finder.java:246)
	at org.restlet.routing.Filter.doHandle(Filter.java:159)
	at org.restlet.routing.Filter.handle(Filter.java:206)
	at org.restlet.routing.Router.doHandle(Router.java:431)
	at org.restlet.routing.Router.handle(Router.java:648)
	at org.restlet.routing.Filter.doHandle(Filter.java:159)
	at org.restlet.routing.Filter.handle(Filter.java:206)
	at org.restlet.routing.Filter.doHandle(Filter.java:159)
	at org.restlet.routing.Filter.handle(Filter.java:206)
	at org.restlet.routing.Filter.doHandle(Filter.java:159)
	at org.restlet.engine.application.StatusFilter.doHandle(StatusFilter.java:155)
	at org.restlet.routing.Filter.handle(Filter.java:206)
	at org.restlet.routing.Filter.doHandle(Filter.java:159)
	at org.restlet.routing.Filter.handle(Filter.java:206)
	at org.restlet.engine.CompositeHelper.handle(CompositeHelper.java:211)
	at org.restlet.engine.application.ApplicationHelper.handle(ApplicationHelper.java:84)
	at org.restlet.Application.handle(Application.java:384)
	at org.restlet.routing.Filter.doHandle(Filter.java:159)
	at org.restlet.routing.Filter.handle(Filter.java:206)
	at org.restlet.routing.Router.doHandle(Router.java:431)
	at org.restlet.routing.Router.handle(Router.java:648)
	at org.restlet.routing.Filter.doHandle(Filter.java:159)
	at org.restlet.routing.Filter.handle(Filter.java:206)
	at org.restlet.routing.Router.doHandle(Router.java:431)
	at org.restlet.routing.Router.handle(Router.java:648)
	at org.restlet.routing.Filter.doHandle(Filter.java:159)
	at org.restlet.engine.application.StatusFilter.doHandle(StatusFilter.java:155)
	at org.restlet.routing.Filter.handle(Filter.java:206)
	at org.restlet.routing.Filter.doHandle(Filter.java:159)
	at org.restlet.routing.Filter.handle(Filter.java:206)
	at org.restlet.engine.CompositeHelper.handle(CompositeHelper.java:211)
	at org.restlet.Component.handle(Component.java:406)
	at org.restlet.Server.handle(Server.java:516)
	at org.restlet.engine.connector.ServerHelper.handle(ServerHelper.java:72)
	at org.restlet.engine.adapter.HttpServerHelper.handle(HttpServerHelper.java:152)
	at org.restlet.engine.connector.HttpServerHelper$1.handle(HttpServerHelper.java:73)
	at com.sun.net.httpserver.Filter$Chain.doFilter(Filter.java:77)
	at sun.net.httpserver.AuthFilter.doFilter(AuthFilter.java:83)
	at com.sun.net.httpserver.Filter$Chain.doFilter(Filter.java:80)
	at sun.net.httpserver.ServerImpl$Exchange$LinkHandler.handle(ServerImpl.java:677)
	at com.sun.net.httpserver.Filter$Chain.doFilter(Filter.java:77)
	at sun.net.httpserver.ServerImpl$Exchange.run(ServerImpl.java:649)
	at sun.net.httpserver.ServerImpl$DefaultExecutor.execute(ServerImpl.java:158)
	at sun.net.httpserver.ServerImpl$Dispatcher.handle(ServerImpl.java:433)
	at sun.net.httpserver.ServerImpl$Dispatcher.run(ServerImpl.java:398)
	at java.lang.Thread.run(Thread.java:745)
ERROR 1958801 [2016-02-14 15:28:15,128] [Thread-2] org.apache.jena.riot  - [line: 1, col: 1 ] Expected a { character to start a JSON Object but got [LT]
ERROR 1958883 [2016-02-14 15:28:15,210] [Thread-2] org.apache.jena.riot  - [line: 1, col: 7 ] Element or attribute do not match QName production: QName::=(NCName':')?NCName. 
ERROR 2155470 [2016-02-14 15:31:31,797] [Thread-2] org.apache.jena.riot  - [line: 1, col: 1 ] Expected a { character to start a JSON Object but got [LT]
ERROR 2645163 [2016-02-14 15:39:41,490] [Thread-2] org.apache.jena.riot  - [line: 1, col: 1 ] Expected a { character to start a JSON Object but got [LT]
