DEBUG 0 [2016-02-09 22:01:10,535] [main] polimi.deib.rsp_services_csparql.commons.Csparql_Engine  - Timestamp function enabled
DEBUG 1767 [2016-02-09 22:01:12,302] [main] polimi.deib.rsp_services_csparql.server.rsp_services_csparql_server  - Static resources path: F:\workspace\rsp_services_csparql
DEBUG 0 [2016-02-09 22:26:27,695] [main] polimi.deib.rsp_services_csparql.commons.Csparql_Engine  - Timestamp function enabled
DEBUG 984 [2016-02-09 22:26:28,679] [main] polimi.deib.rsp_services_csparql.server.rsp_services_csparql_server  - Static resources path: F:\workspace\rsp_services_csparql
ERROR 19353 [2016-02-09 22:26:47,048] [Thread-2] polimi.deib.rsp_services_csparql.streams.SingleStreamDataServer  - Connect to localhost:15670 [localhost/127.0.0.1, localhost/0:0:0:0:0:0:0:1] failed: Connection refused: connect
org.apache.http.conn.HttpHostConnectException: Connect to localhost:15670 [localhost/127.0.0.1, localhost/0:0:0:0:0:0:0:1] failed: Connection refused: connect
	at org.apache.http.impl.conn.DefaultHttpClientConnectionOperator.connect(DefaultHttpClientConnectionOperator.java:149)
	at org.apache.http.impl.conn.PoolingHttpClientConnectionManager.connect(PoolingHttpClientConnectionManager.java:349)
	at org.apache.http.impl.execchain.MainClientExec.establishRoute(MainClientExec.java:365)
	at org.apache.http.impl.execchain.MainClientExec.execute(MainClientExec.java:221)
	at org.apache.http.impl.execchain.ProtocolExec.execute(ProtocolExec.java:199)
	at org.apache.http.impl.execchain.RetryExec.execute(RetryExec.java:87)
	at org.apache.http.impl.execchain.RedirectExec.execute(RedirectExec.java:109)
	at org.apache.http.impl.client.InternalHttpClient.doExecute(InternalHttpClient.java:184)
	at org.apache.http.impl.client.CloseableHttpClient.execute(CloseableHttpClient.java:84)
	at org.apache.http.impl.client.CloseableHttpClient.execute(CloseableHttpClient.java:109)
	at polimi.deib.rsp_services_csparql.streams.SingleStreamDataServer.registerStream(SingleStreamDataServer.java:141)
	at sun.reflect.NativeMethodAccessorImpl.invoke0(Native Method)
	at sun.reflect.NativeMethodAccessorImpl.invoke(NativeMethodAccessorImpl.java:57)
	at sun.reflect.DelegatingMethodAccessorImpl.invoke(DelegatingMethodAccessorImpl.java:43)
	at java.lang.reflect.Method.invoke(Method.java:606)
	at org.restlet.resource.ServerResource.doHandle(ServerResource.java:524)
	at org.restlet.resource.ServerResource.doHandle(ServerResource.java:575)
	at org.restlet.resource.ServerResource.put(ServerResource.java:1374)
	at org.restlet.resource.ServerResource.doHandle(ServerResource.java:447)
	at org.restlet.resource.ServerResource.doNegotiatedHandle(ServerResource.java:683)
	at org.restlet.resource.ServerResource.doConditionalHandle(ServerResource.java:357)
	at org.restlet.resource.ServerResource.handle(ServerResource.java:1014)
	at org.restlet.resource.Finder.handle(Finder.java:246)
	at org.restlet.routing.Filter.doHandle(Filter.java:159)
	at org.restlet.routing.Filter.handle(Filter.java:206)
	at org.restlet.routing.Router.doHandle(Router.java:431)
	at org.restlet.routing.Router.handle(Router.java:648)
	at org.restlet.routing.Filter.doHandle(Filter.java:159)
	at org.restlet.routing.Filter.handle(Filter.java:206)
	at org.restlet.routing.Filter.doHandle(Filter.java:159)
	at org.restlet.routing.Filter.handle(Filter.java:206)
	at org.restlet.routing.Filter.doHandle(Filter.java:159)
	at org.restlet.engine.application.StatusFilter.doHandle(StatusFilter.java:155)
	at org.restlet.routing.Filter.handle(Filter.java:206)
	at org.restlet.routing.Filter.doHandle(Filter.java:159)
	at org.restlet.routing.Filter.handle(Filter.java:206)
	at org.restlet.engine.CompositeHelper.handle(CompositeHelper.java:211)
	at org.restlet.engine.application.ApplicationHelper.handle(ApplicationHelper.java:84)
	at org.restlet.Application.handle(Application.java:384)
	at org.restlet.routing.Filter.doHandle(Filter.java:159)
	at org.restlet.routing.Filter.handle(Filter.java:206)
	at org.restlet.routing.Router.doHandle(Router.java:431)
	at org.restlet.routing.Router.handle(Router.java:648)
	at org.restlet.routing.Filter.doHandle(Filter.java:159)
	at org.restlet.routing.Filter.handle(Filter.java:206)
	at org.restlet.routing.Router.doHandle(Router.java:431)
	at org.restlet.routing.Router.handle(Router.java:648)
	at org.restlet.routing.Filter.doHandle(Filter.java:159)
	at org.restlet.engine.application.StatusFilter.doHandle(StatusFilter.java:155)
	at org.restlet.routing.Filter.handle(Filter.java:206)
	at org.restlet.routing.Filter.doHandle(Filter.java:159)
	at org.restlet.routing.Filter.handle(Filter.java:206)
	at org.restlet.engine.CompositeHelper.handle(CompositeHelper.java:211)
	at org.restlet.Component.handle(Component.java:406)
	at org.restlet.Server.handle(Server.java:516)
	at org.restlet.engine.connector.ServerHelper.handle(ServerHelper.java:72)
	at org.restlet.engine.adapter.HttpServerHelper.handle(HttpServerHelper.java:152)
	at org.restlet.engine.connector.HttpServerHelper$1.handle(HttpServerHelper.java:73)
	at com.sun.net.httpserver.Filter$Chain.doFilter(Filter.java:77)
	at sun.net.httpserver.AuthFilter.doFilter(AuthFilter.java:83)
	at com.sun.net.httpserver.Filter$Chain.doFilter(Filter.java:80)
	at sun.net.httpserver.ServerImpl$Exchange$LinkHandler.handle(ServerImpl.java:677)
	at com.sun.net.httpserver.Filter$Chain.doFilter(Filter.java:77)
	at sun.net.httpserver.ServerImpl$Exchange.run(ServerImpl.java:649)
	at sun.net.httpserver.ServerImpl$DefaultExecutor.execute(ServerImpl.java:158)
	at sun.net.httpserver.ServerImpl$Dispatcher.handle(ServerImpl.java:433)
	at sun.net.httpserver.ServerImpl$Dispatcher.run(ServerImpl.java:398)
	at java.lang.Thread.run(Thread.java:745)
Caused by: java.net.ConnectException: Connection refused: connect
	at java.net.DualStackPlainSocketImpl.connect0(Native Method)
	at java.net.DualStackPlainSocketImpl.socketConnect(DualStackPlainSocketImpl.java:79)
	at java.net.AbstractPlainSocketImpl.doConnect(AbstractPlainSocketImpl.java:339)
	at java.net.AbstractPlainSocketImpl.connectToAddress(AbstractPlainSocketImpl.java:200)
	at java.net.AbstractPlainSocketImpl.connect(AbstractPlainSocketImpl.java:182)
	at java.net.PlainSocketImpl.connect(PlainSocketImpl.java:172)
	at java.net.SocksSocketImpl.connect(SocksSocketImpl.java:392)
	at java.net.Socket.connect(Socket.java:579)
	at org.apache.http.conn.socket.PlainConnectionSocketFactory.connectSocket(PlainConnectionSocketFactory.java:74)
	at org.apache.http.impl.conn.DefaultHttpClientConnectionOperator.connect(DefaultHttpClientConnectionOperator.java:132)
	... 67 more
DEBUG 0 [2016-02-13 21:21:55,738] [main] polimi.deib.rsp_services_csparql.commons.Csparql_Engine  - Timestamp function enabled
DEBUG 1409 [2016-02-13 21:21:57,147] [main] polimi.deib.rsp_services_csparql.server.rsp_services_csparql_server  - Static resources path: F:\workspace\rsp_services_csparql
ERROR 23502 [2016-02-13 21:22:19,240] [Thread-2] polimi.deib.rsp_services_csparql.streams.SingleStreamDataServer  - Connect to localhost:15670 [localhost/127.0.0.1, localhost/0:0:0:0:0:0:0:1] failed: Connection refused: connect
org.apache.http.conn.HttpHostConnectException: Connect to localhost:15670 [localhost/127.0.0.1, localhost/0:0:0:0:0:0:0:1] failed: Connection refused: connect
	at org.apache.http.impl.conn.DefaultHttpClientConnectionOperator.connect(DefaultHttpClientConnectionOperator.java:149)
	at org.apache.http.impl.conn.PoolingHttpClientConnectionManager.connect(PoolingHttpClientConnectionManager.java:349)
	at org.apache.http.impl.execchain.MainClientExec.establishRoute(MainClientExec.java:365)
	at org.apache.http.impl.execchain.MainClientExec.execute(MainClientExec.java:221)
	at org.apache.http.impl.execchain.ProtocolExec.execute(ProtocolExec.java:199)
	at org.apache.http.impl.execchain.RetryExec.execute(RetryExec.java:87)
	at org.apache.http.impl.execchain.RedirectExec.execute(RedirectExec.java:109)
	at org.apache.http.impl.client.InternalHttpClient.doExecute(InternalHttpClient.java:184)
	at org.apache.http.impl.client.CloseableHttpClient.execute(CloseableHttpClient.java:84)
	at org.apache.http.impl.client.CloseableHttpClient.execute(CloseableHttpClient.java:109)
	at polimi.deib.rsp_services_csparql.streams.SingleStreamDataServer.registerStream(SingleStreamDataServer.java:141)
	at sun.reflect.NativeMethodAccessorImpl.invoke0(Native Method)
	at sun.reflect.NativeMethodAccessorImpl.invoke(NativeMethodAccessorImpl.java:57)
	at sun.reflect.DelegatingMethodAccessorImpl.invoke(DelegatingMethodAccessorImpl.java:43)
	at java.lang.reflect.Method.invoke(Method.java:606)
	at org.restlet.resource.ServerResource.doHandle(ServerResource.java:524)
	at org.restlet.resource.ServerResource.doHandle(ServerResource.java:575)
	at org.restlet.resource.ServerResource.put(ServerResource.java:1374)
	at org.restlet.resource.ServerResource.doHandle(ServerResource.java:447)
	at org.restlet.resource.ServerResource.doNegotiatedHandle(ServerResource.java:683)
	at org.restlet.resource.ServerResource.doConditionalHandle(ServerResource.java:357)
	at org.restlet.resource.ServerResource.handle(ServerResource.java:1014)
	at org.restlet.resource.Finder.handle(Finder.java:246)
	at org.restlet.routing.Filter.doHandle(Filter.java:159)
	at org.restlet.routing.Filter.handle(Filter.java:206)
	at org.restlet.routing.Router.doHandle(Router.java:431)
	at org.restlet.routing.Router.handle(Router.java:648)
	at org.restlet.routing.Filter.doHandle(Filter.java:159)
	at org.restlet.routing.Filter.handle(Filter.java:206)
	at org.restlet.routing.Filter.doHandle(Filter.java:159)
	at org.restlet.routing.Filter.handle(Filter.java:206)
	at org.restlet.routing.Filter.doHandle(Filter.java:159)
	at org.restlet.engine.application.StatusFilter.doHandle(StatusFilter.java:155)
	at org.restlet.routing.Filter.handle(Filter.java:206)
	at org.restlet.routing.Filter.doHandle(Filter.java:159)
	at org.restlet.routing.Filter.handle(Filter.java:206)
	at org.restlet.engine.CompositeHelper.handle(CompositeHelper.java:211)
	at org.restlet.engine.application.ApplicationHelper.handle(ApplicationHelper.java:84)
	at org.restlet.Application.handle(Application.java:384)
	at org.restlet.routing.Filter.doHandle(Filter.java:159)
	at org.restlet.routing.Filter.handle(Filter.java:206)
	at org.restlet.routing.Router.doHandle(Router.java:431)
	at org.restlet.routing.Router.handle(Router.java:648)
	at org.restlet.routing.Filter.doHandle(Filter.java:159)
	at org.restlet.routing.Filter.handle(Filter.java:206)
	at org.restlet.routing.Router.doHandle(Router.java:431)
	at org.restlet.routing.Router.handle(Router.java:648)
	at org.restlet.routing.Filter.doHandle(Filter.java:159)
	at org.restlet.engine.application.StatusFilter.doHandle(StatusFilter.java:155)
	at org.restlet.routing.Filter.handle(Filter.java:206)
	at org.restlet.routing.Filter.doHandle(Filter.java:159)
	at org.restlet.routing.Filter.handle(Filter.java:206)
	at org.restlet.engine.CompositeHelper.handle(CompositeHelper.java:211)
	at org.restlet.Component.handle(Component.java:406)
	at org.restlet.Server.handle(Server.java:516)
	at org.restlet.engine.connector.ServerHelper.handle(ServerHelper.java:72)
	at org.restlet.engine.adapter.HttpServerHelper.handle(HttpServerHelper.java:152)
	at org.restlet.engine.connector.HttpServerHelper$1.handle(HttpServerHelper.java:73)
	at com.sun.net.httpserver.Filter$Chain.doFilter(Filter.java:77)
	at sun.net.httpserver.AuthFilter.doFilter(AuthFilter.java:83)
	at com.sun.net.httpserver.Filter$Chain.doFilter(Filter.java:80)
	at sun.net.httpserver.ServerImpl$Exchange$LinkHandler.handle(ServerImpl.java:677)
	at com.sun.net.httpserver.Filter$Chain.doFilter(Filter.java:77)
	at sun.net.httpserver.ServerImpl$Exchange.run(ServerImpl.java:649)
	at sun.net.httpserver.ServerImpl$DefaultExecutor.execute(ServerImpl.java:158)
	at sun.net.httpserver.ServerImpl$Dispatcher.handle(ServerImpl.java:433)
	at sun.net.httpserver.ServerImpl$Dispatcher.run(ServerImpl.java:398)
	at java.lang.Thread.run(Thread.java:745)
Caused by: java.net.ConnectException: Connection refused: connect
	at java.net.DualStackPlainSocketImpl.connect0(Native Method)
	at java.net.DualStackPlainSocketImpl.socketConnect(DualStackPlainSocketImpl.java:79)
	at java.net.AbstractPlainSocketImpl.doConnect(AbstractPlainSocketImpl.java:339)
	at java.net.AbstractPlainSocketImpl.connectToAddress(AbstractPlainSocketImpl.java:200)
	at java.net.AbstractPlainSocketImpl.connect(AbstractPlainSocketImpl.java:182)
	at java.net.PlainSocketImpl.connect(PlainSocketImpl.java:172)
	at java.net.SocksSocketImpl.connect(SocksSocketImpl.java:392)
	at java.net.Socket.connect(Socket.java:579)
	at org.apache.http.conn.socket.PlainConnectionSocketFactory.connectSocket(PlainConnectionSocketFactory.java:74)
	at org.apache.http.impl.conn.DefaultHttpClientConnectionOperator.connect(DefaultHttpClientConnectionOperator.java:132)
	... 67 more
DEBUG 0 [2016-02-13 21:34:32,476] [main] polimi.deib.rsp_services_csparql.commons.Csparql_Engine  - Timestamp function enabled
DEBUG 954 [2016-02-13 21:34:33,430] [main] polimi.deib.rsp_services_csparql.server.rsp_services_csparql_server  - Static resources path: F:\workspace\rsp_services_csparql
ERROR 11652 [2016-02-13 21:34:44,128] [Thread-2] polimi.deib.rsp_services_csparql.streams.SingleStreamDataServer  - Connection reset
java.net.SocketException: Connection reset
	at java.net.SocketInputStream.read(SocketInputStream.java:196)
	at java.net.SocketInputStream.read(SocketInputStream.java:122)
	at org.apache.http.impl.io.SessionInputBufferImpl.streamRead(SessionInputBufferImpl.java:139)
	at org.apache.http.impl.io.SessionInputBufferImpl.fillBuffer(SessionInputBufferImpl.java:155)
	at org.apache.http.impl.io.SessionInputBufferImpl.readLine(SessionInputBufferImpl.java:284)
	at org.apache.http.impl.conn.DefaultHttpResponseParser.parseHead(DefaultHttpResponseParser.java:140)
	at org.apache.http.impl.conn.DefaultHttpResponseParser.parseHead(DefaultHttpResponseParser.java:57)
	at org.apache.http.impl.io.AbstractMessageParser.parse(AbstractMessageParser.java:261)
	at org.apache.http.impl.DefaultBHttpClientConnection.receiveResponseHeader(DefaultBHttpClientConnection.java:165)
	at org.apache.http.impl.conn.CPoolProxy.receiveResponseHeader(CPoolProxy.java:167)
	at org.apache.http.protocol.HttpRequestExecutor.doReceiveResponse(HttpRequestExecutor.java:271)
	at org.apache.http.protocol.HttpRequestExecutor.execute(HttpRequestExecutor.java:123)
	at org.apache.http.impl.execchain.MainClientExec.execute(MainClientExec.java:256)
	at org.apache.http.impl.execchain.ProtocolExec.execute(ProtocolExec.java:199)
	at org.apache.http.impl.execchain.RetryExec.execute(RetryExec.java:87)
	at org.apache.http.impl.execchain.RedirectExec.execute(RedirectExec.java:109)
	at org.apache.http.impl.client.InternalHttpClient.doExecute(InternalHttpClient.java:184)
	at org.apache.http.impl.client.CloseableHttpClient.execute(CloseableHttpClient.java:84)
	at org.apache.http.impl.client.CloseableHttpClient.execute(CloseableHttpClient.java:109)
	at polimi.deib.rsp_services_csparql.streams.SingleStreamDataServer.registerStream(SingleStreamDataServer.java:124)
	at sun.reflect.NativeMethodAccessorImpl.invoke0(Native Method)
	at sun.reflect.NativeMethodAccessorImpl.invoke(NativeMethodAccessorImpl.java:57)
	at sun.reflect.DelegatingMethodAccessorImpl.invoke(DelegatingMethodAccessorImpl.java:43)
	at java.lang.reflect.Method.invoke(Method.java:606)
	at org.restlet.resource.ServerResource.doHandle(ServerResource.java:524)
	at org.restlet.resource.ServerResource.doHandle(ServerResource.java:575)
	at org.restlet.resource.ServerResource.put(ServerResource.java:1374)
	at org.restlet.resource.ServerResource.doHandle(ServerResource.java:447)
	at org.restlet.resource.ServerResource.doNegotiatedHandle(ServerResource.java:683)
	at org.restlet.resource.ServerResource.doConditionalHandle(ServerResource.java:357)
	at org.restlet.resource.ServerResource.handle(ServerResource.java:1014)
	at org.restlet.resource.Finder.handle(Finder.java:246)
	at org.restlet.routing.Filter.doHandle(Filter.java:159)
	at org.restlet.routing.Filter.handle(Filter.java:206)
	at org.restlet.routing.Router.doHandle(Router.java:431)
	at org.restlet.routing.Router.handle(Router.java:648)
	at org.restlet.routing.Filter.doHandle(Filter.java:159)
	at org.restlet.routing.Filter.handle(Filter.java:206)
	at org.restlet.routing.Filter.doHandle(Filter.java:159)
	at org.restlet.routing.Filter.handle(Filter.java:206)
	at org.restlet.routing.Filter.doHandle(Filter.java:159)
	at org.restlet.engine.application.StatusFilter.doHandle(StatusFilter.java:155)
	at org.restlet.routing.Filter.handle(Filter.java:206)
	at org.restlet.routing.Filter.doHandle(Filter.java:159)
	at org.restlet.routing.Filter.handle(Filter.java:206)
	at org.restlet.engine.CompositeHelper.handle(CompositeHelper.java:211)
	at org.restlet.engine.application.ApplicationHelper.handle(ApplicationHelper.java:84)
	at org.restlet.Application.handle(Application.java:384)
	at org.restlet.routing.Filter.doHandle(Filter.java:159)
	at org.restlet.routing.Filter.handle(Filter.java:206)
	at org.restlet.routing.Router.doHandle(Router.java:431)
	at org.restlet.routing.Router.handle(Router.java:648)
	at org.restlet.routing.Filter.doHandle(Filter.java:159)
	at org.restlet.routing.Filter.handle(Filter.java:206)
	at org.restlet.routing.Router.doHandle(Router.java:431)
	at org.restlet.routing.Router.handle(Router.java:648)
	at org.restlet.routing.Filter.doHandle(Filter.java:159)
	at org.restlet.engine.application.StatusFilter.doHandle(StatusFilter.java:155)
	at org.restlet.routing.Filter.handle(Filter.java:206)
	at org.restlet.routing.Filter.doHandle(Filter.java:159)
	at org.restlet.routing.Filter.handle(Filter.java:206)
	at org.restlet.engine.CompositeHelper.handle(CompositeHelper.java:211)
	at org.restlet.Component.handle(Component.java:406)
	at org.restlet.Server.handle(Server.java:516)
	at org.restlet.engine.connector.ServerHelper.handle(ServerHelper.java:72)
	at org.restlet.engine.adapter.HttpServerHelper.handle(HttpServerHelper.java:152)
	at org.restlet.engine.connector.HttpServerHelper$1.handle(HttpServerHelper.java:73)
	at com.sun.net.httpserver.Filter$Chain.doFilter(Filter.java:77)
	at sun.net.httpserver.AuthFilter.doFilter(AuthFilter.java:83)
	at com.sun.net.httpserver.Filter$Chain.doFilter(Filter.java:80)
	at sun.net.httpserver.ServerImpl$Exchange$LinkHandler.handle(ServerImpl.java:677)
	at com.sun.net.httpserver.Filter$Chain.doFilter(Filter.java:77)
	at sun.net.httpserver.ServerImpl$Exchange.run(ServerImpl.java:649)
	at sun.net.httpserver.ServerImpl$DefaultExecutor.execute(ServerImpl.java:158)
	at sun.net.httpserver.ServerImpl$Dispatcher.handle(ServerImpl.java:433)
	at sun.net.httpserver.ServerImpl$Dispatcher.run(ServerImpl.java:398)
	at java.lang.Thread.run(Thread.java:745)
DEBUG 0 [2016-02-13 22:29:57,869] [main] polimi.deib.rsp_services_csparql.commons.Csparql_Engine  - Timestamp function enabled
DEBUG 1058 [2016-02-13 22:29:58,927] [main] polimi.deib.rsp_services_csparql.server.rsp_services_csparql_server  - Static resources path: F:\workspace\rsp_services_csparql
ERROR 11975 [2016-02-13 22:30:09,844] [Thread-2] polimi.deib.rsp_services_csparql.streams.SingleStreamDataServer  - Connection reset
java.net.SocketException: Connection reset
	at java.net.SocketInputStream.read(SocketInputStream.java:196)
	at java.net.SocketInputStream.read(SocketInputStream.java:122)
	at org.apache.http.impl.io.SessionInputBufferImpl.streamRead(SessionInputBufferImpl.java:139)
	at org.apache.http.impl.io.SessionInputBufferImpl.fillBuffer(SessionInputBufferImpl.java:155)
	at org.apache.http.impl.io.SessionInputBufferImpl.readLine(SessionInputBufferImpl.java:284)
	at org.apache.http.impl.conn.DefaultHttpResponseParser.parseHead(DefaultHttpResponseParser.java:140)
	at org.apache.http.impl.conn.DefaultHttpResponseParser.parseHead(DefaultHttpResponseParser.java:57)
	at org.apache.http.impl.io.AbstractMessageParser.parse(AbstractMessageParser.java:261)
	at org.apache.http.impl.DefaultBHttpClientConnection.receiveResponseHeader(DefaultBHttpClientConnection.java:165)
	at org.apache.http.impl.conn.CPoolProxy.receiveResponseHeader(CPoolProxy.java:167)
	at org.apache.http.protocol.HttpRequestExecutor.doReceiveResponse(HttpRequestExecutor.java:271)
	at org.apache.http.protocol.HttpRequestExecutor.execute(HttpRequestExecutor.java:123)
	at org.apache.http.impl.execchain.MainClientExec.execute(MainClientExec.java:256)
	at org.apache.http.impl.execchain.ProtocolExec.execute(ProtocolExec.java:199)
	at org.apache.http.impl.execchain.RetryExec.execute(RetryExec.java:87)
	at org.apache.http.impl.execchain.RedirectExec.execute(RedirectExec.java:109)
	at org.apache.http.impl.client.InternalHttpClient.doExecute(InternalHttpClient.java:184)
	at org.apache.http.impl.client.CloseableHttpClient.execute(CloseableHttpClient.java:84)
	at org.apache.http.impl.client.CloseableHttpClient.execute(CloseableHttpClient.java:109)
	at polimi.deib.rsp_services_csparql.streams.SingleStreamDataServer.registerStream(SingleStreamDataServer.java:124)
	at sun.reflect.NativeMethodAccessorImpl.invoke0(Native Method)
	at sun.reflect.NativeMethodAccessorImpl.invoke(NativeMethodAccessorImpl.java:57)
	at sun.reflect.DelegatingMethodAccessorImpl.invoke(DelegatingMethodAccessorImpl.java:43)
	at java.lang.reflect.Method.invoke(Method.java:606)
	at org.restlet.resource.ServerResource.doHandle(ServerResource.java:524)
	at org.restlet.resource.ServerResource.doHandle(ServerResource.java:575)
	at org.restlet.resource.ServerResource.put(ServerResource.java:1374)
	at org.restlet.resource.ServerResource.doHandle(ServerResource.java:447)
	at org.restlet.resource.ServerResource.doNegotiatedHandle(ServerResource.java:683)
	at org.restlet.resource.ServerResource.doConditionalHandle(ServerResource.java:357)
	at org.restlet.resource.ServerResource.handle(ServerResource.java:1014)
	at org.restlet.resource.Finder.handle(Finder.java:246)
	at org.restlet.routing.Filter.doHandle(Filter.java:159)
	at org.restlet.routing.Filter.handle(Filter.java:206)
	at org.restlet.routing.Router.doHandle(Router.java:431)
	at org.restlet.routing.Router.handle(Router.java:648)
	at org.restlet.routing.Filter.doHandle(Filter.java:159)
	at org.restlet.routing.Filter.handle(Filter.java:206)
	at org.restlet.routing.Filter.doHandle(Filter.java:159)
	at org.restlet.routing.Filter.handle(Filter.java:206)
	at org.restlet.routing.Filter.doHandle(Filter.java:159)
	at org.restlet.engine.application.StatusFilter.doHandle(StatusFilter.java:155)
	at org.restlet.routing.Filter.handle(Filter.java:206)
	at org.restlet.routing.Filter.doHandle(Filter.java:159)
	at org.restlet.routing.Filter.handle(Filter.java:206)
	at org.restlet.engine.CompositeHelper.handle(CompositeHelper.java:211)
	at org.restlet.engine.application.ApplicationHelper.handle(ApplicationHelper.java:84)
	at org.restlet.Application.handle(Application.java:384)
	at org.restlet.routing.Filter.doHandle(Filter.java:159)
	at org.restlet.routing.Filter.handle(Filter.java:206)
	at org.restlet.routing.Router.doHandle(Router.java:431)
	at org.restlet.routing.Router.handle(Router.java:648)
	at org.restlet.routing.Filter.doHandle(Filter.java:159)
	at org.restlet.routing.Filter.handle(Filter.java:206)
	at org.restlet.routing.Router.doHandle(Router.java:431)
	at org.restlet.routing.Router.handle(Router.java:648)
	at org.restlet.routing.Filter.doHandle(Filter.java:159)
	at org.restlet.engine.application.StatusFilter.doHandle(StatusFilter.java:155)
	at org.restlet.routing.Filter.handle(Filter.java:206)
	at org.restlet.routing.Filter.doHandle(Filter.java:159)
	at org.restlet.routing.Filter.handle(Filter.java:206)
	at org.restlet.engine.CompositeHelper.handle(CompositeHelper.java:211)
	at org.restlet.Component.handle(Component.java:406)
	at org.restlet.Server.handle(Server.java:516)
	at org.restlet.engine.connector.ServerHelper.handle(ServerHelper.java:72)
	at org.restlet.engine.adapter.HttpServerHelper.handle(HttpServerHelper.java:152)
	at org.restlet.engine.connector.HttpServerHelper$1.handle(HttpServerHelper.java:73)
	at com.sun.net.httpserver.Filter$Chain.doFilter(Filter.java:77)
	at sun.net.httpserver.AuthFilter.doFilter(AuthFilter.java:83)
	at com.sun.net.httpserver.Filter$Chain.doFilter(Filter.java:80)
	at sun.net.httpserver.ServerImpl$Exchange$LinkHandler.handle(ServerImpl.java:677)
	at com.sun.net.httpserver.Filter$Chain.doFilter(Filter.java:77)
	at sun.net.httpserver.ServerImpl$Exchange.run(ServerImpl.java:649)
	at sun.net.httpserver.ServerImpl$DefaultExecutor.execute(ServerImpl.java:158)
	at sun.net.httpserver.ServerImpl$Dispatcher.handle(ServerImpl.java:433)
	at sun.net.httpserver.ServerImpl$Dispatcher.run(ServerImpl.java:398)
	at java.lang.Thread.run(Thread.java:745)
DEBUG 0 [2016-02-14 14:55:36,327] [main] polimi.deib.rsp_services_csparql.commons.Csparql_Engine  - Timestamp function enabled
DEBUG 981 [2016-02-14 14:55:37,308] [main] polimi.deib.rsp_services_csparql.server.rsp_services_csparql_server  - Static resources path: F:\workspace\rsp_services_csparql
DEBUG 383240 [2016-02-14 15:01:59,567] [com.espertech.esper.Timer-default-1] eu.larkc.csparql.sparql.jena.JenaEngine  - Information about execution of query 5c1fc439-d6cf-41d2-ac61-469dd08c5639 
 Execution Time : 157 
 Results Number : 3 
 Total Memory : 122.0 mb 
 Free Memory : 97.0 mb 
 Memory Usage : 25.0 mb
INFO  383240 [2016-02-14 15:01:59,567] [com.espertech.esper.Timer-default-1] eu.larkc.csparql.core.engine.CsparqlEngineImpl  - results obtained in 159090497 nanoseconds
DEBUG 388983 [2016-02-14 15:02:05,310] [com.espertech.esper.Timer-default-1] eu.larkc.csparql.sparql.jena.JenaEngine  - Information about execution of query 5c1fc439-d6cf-41d2-ac61-469dd08c5639 
 Execution Time : 2 
 Results Number : 3 
 Total Memory : 122.0 mb 
 Free Memory : 90.0 mb 
 Memory Usage : 31.0 mb
INFO  388983 [2016-02-14 15:02:05,310] [com.espertech.esper.Timer-default-1] eu.larkc.csparql.core.engine.CsparqlEngineImpl  - results obtained in 2152890 nanoseconds
DEBUG 394983 [2016-02-14 15:02:11,310] [com.espertech.esper.Timer-default-1] eu.larkc.csparql.sparql.jena.JenaEngine  - Information about execution of query 5c1fc439-d6cf-41d2-ac61-469dd08c5639 
 Execution Time : 2 
 Results Number : 3 
 Total Memory : 122.0 mb 
 Free Memory : 89.0 mb 
 Memory Usage : 32.0 mb
INFO  394983 [2016-02-14 15:02:11,310] [com.espertech.esper.Timer-default-1] eu.larkc.csparql.core.engine.CsparqlEngineImpl  - results obtained in 2062232 nanoseconds
DEBUG 400983 [2016-02-14 15:02:17,310] [com.espertech.esper.Timer-default-1] eu.larkc.csparql.sparql.jena.JenaEngine  - Information about execution of query 5c1fc439-d6cf-41d2-ac61-469dd08c5639 
 Execution Time : 1 
 Results Number : 3 
 Total Memory : 122.0 mb 
 Free Memory : 88.0 mb 
 Memory Usage : 33.0 mb
INFO  400983 [2016-02-14 15:02:17,310] [com.espertech.esper.Timer-default-1] eu.larkc.csparql.core.engine.CsparqlEngineImpl  - results obtained in 2085153 nanoseconds
DEBUG 403084 [2016-02-14 15:02:19,411] [com.espertech.esper.Timer-default-1] eu.larkc.csparql.sparql.jena.JenaEngine  - Information about execution of query 5c1fc439-d6cf-41d2-ac61-469dd08c5639 
 Execution Time : 1 
 Results Number : 3 
 Total Memory : 122.0 mb 
 Free Memory : 87.0 mb 
 Memory Usage : 34.0 mb
INFO  403084 [2016-02-14 15:02:19,411] [com.espertech.esper.Timer-default-1] eu.larkc.csparql.core.engine.CsparqlEngineImpl  - results obtained in 2379366 nanoseconds
DEBUG 406983 [2016-02-14 15:02:23,310] [com.espertech.esper.Timer-default-1] eu.larkc.csparql.sparql.jena.JenaEngine  - Information about execution of query 5c1fc439-d6cf-41d2-ac61-469dd08c5639 
 Execution Time : 2 
 Results Number : 3 
 Total Memory : 122.0 mb 
 Free Memory : 87.0 mb 
 Memory Usage : 34.0 mb
INFO  406983 [2016-02-14 15:02:23,310] [com.espertech.esper.Timer-default-1] eu.larkc.csparql.core.engine.CsparqlEngineImpl  - results obtained in 1925046 nanoseconds
DEBUG 410983 [2016-02-14 15:02:27,310] [com.espertech.esper.Timer-default-1] eu.larkc.csparql.sparql.jena.JenaEngine  - Information about execution of query 5c1fc439-d6cf-41d2-ac61-469dd08c5639 
 Execution Time : 2 
 Results Number : 3 
 Total Memory : 122.0 mb 
 Free Memory : 86.0 mb 
 Memory Usage : 35.0 mb
INFO  410983 [2016-02-14 15:02:27,310] [com.espertech.esper.Timer-default-1] eu.larkc.csparql.core.engine.CsparqlEngineImpl  - results obtained in 2012625 nanoseconds
DEBUG 412983 [2016-02-14 15:02:29,310] [com.espertech.esper.Timer-default-1] eu.larkc.csparql.sparql.jena.JenaEngine  - Information about execution of query 5c1fc439-d6cf-41d2-ac61-469dd08c5639 
 Execution Time : 2 
 Results Number : 3 
 Total Memory : 122.0 mb 
 Free Memory : 86.0 mb 
 Memory Usage : 36.0 mb
INFO  412983 [2016-02-14 15:02:29,310] [com.espertech.esper.Timer-default-1] eu.larkc.csparql.core.engine.CsparqlEngineImpl  - results obtained in 2268523 nanoseconds
DEBUG 416983 [2016-02-14 15:02:33,310] [com.espertech.esper.Timer-default-1] eu.larkc.csparql.sparql.jena.JenaEngine  - Information about execution of query 5c1fc439-d6cf-41d2-ac61-469dd08c5639 
 Execution Time : 2 
 Results Number : 3 
 Total Memory : 122.0 mb 
 Free Memory : 86.0 mb 
 Memory Usage : 36.0 mb
INFO  416984 [2016-02-14 15:02:33,311] [com.espertech.esper.Timer-default-1] eu.larkc.csparql.core.engine.CsparqlEngineImpl  - results obtained in 2636974 nanoseconds
DEBUG 419083 [2016-02-14 15:02:35,410] [com.espertech.esper.Timer-default-1] eu.larkc.csparql.sparql.jena.JenaEngine  - Information about execution of query 5c1fc439-d6cf-41d2-ac61-469dd08c5639 
 Execution Time : 1 
 Results Number : 3 
 Total Memory : 122.0 mb 
 Free Memory : 85.0 mb 
 Memory Usage : 37.0 mb
INFO  419083 [2016-02-14 15:02:35,410] [com.espertech.esper.Timer-default-1] eu.larkc.csparql.core.engine.CsparqlEngineImpl  - results obtained in 2349945 nanoseconds
DEBUG 422983 [2016-02-14 15:02:39,310] [com.espertech.esper.Timer-default-1] eu.larkc.csparql.sparql.jena.JenaEngine  - Information about execution of query 5c1fc439-d6cf-41d2-ac61-469dd08c5639 
 Execution Time : 2 
 Results Number : 3 
 Total Memory : 122.0 mb 
 Free Memory : 84.0 mb 
 Memory Usage : 37.0 mb
INFO  422983 [2016-02-14 15:02:39,310] [com.espertech.esper.Timer-default-1] eu.larkc.csparql.core.engine.CsparqlEngineImpl  - results obtained in 1921967 nanoseconds
DEBUG 425083 [2016-02-14 15:02:41,410] [com.espertech.esper.Timer-default-1] eu.larkc.csparql.sparql.jena.JenaEngine  - Information about execution of query 5c1fc439-d6cf-41d2-ac61-469dd08c5639 
 Execution Time : 2 
 Results Number : 3 
 Total Memory : 122.0 mb 
 Free Memory : 84.0 mb 
 Memory Usage : 38.0 mb
INFO  425083 [2016-02-14 15:02:41,410] [com.espertech.esper.Timer-default-1] eu.larkc.csparql.core.engine.CsparqlEngineImpl  - results obtained in 2096442 nanoseconds
DEBUG 428983 [2016-02-14 15:02:45,310] [com.espertech.esper.Timer-default-1] eu.larkc.csparql.sparql.jena.JenaEngine  - Information about execution of query 5c1fc439-d6cf-41d2-ac61-469dd08c5639 
 Execution Time : 1 
 Results Number : 3 
 Total Memory : 122.0 mb 
 Free Memory : 83.0 mb 
 Memory Usage : 38.0 mb
INFO  428983 [2016-02-14 15:02:45,310] [com.espertech.esper.Timer-default-1] eu.larkc.csparql.core.engine.CsparqlEngineImpl  - results obtained in 2090627 nanoseconds
DEBUG 430983 [2016-02-14 15:02:47,310] [com.espertech.esper.Timer-default-1] eu.larkc.csparql.sparql.jena.JenaEngine  - Information about execution of query 5c1fc439-d6cf-41d2-ac61-469dd08c5639 
 Execution Time : 1 
 Results Number : 3 
 Total Memory : 122.0 mb 
 Free Memory : 83.0 mb 
 Memory Usage : 39.0 mb
INFO  430983 [2016-02-14 15:02:47,310] [com.espertech.esper.Timer-default-1] eu.larkc.csparql.core.engine.CsparqlEngineImpl  - results obtained in 2022889 nanoseconds
DEBUG 434983 [2016-02-14 15:02:51,310] [com.espertech.esper.Timer-default-1] eu.larkc.csparql.sparql.jena.JenaEngine  - Information about execution of query 5c1fc439-d6cf-41d2-ac61-469dd08c5639 
 Execution Time : 2 
 Results Number : 3 
 Total Memory : 122.0 mb 
 Free Memory : 82.0 mb 
 Memory Usage : 40.0 mb
INFO  434983 [2016-02-14 15:02:51,310] [com.espertech.esper.Timer-default-1] eu.larkc.csparql.core.engine.CsparqlEngineImpl  - results obtained in 1980468 nanoseconds
DEBUG 436984 [2016-02-14 15:02:53,311] [com.espertech.esper.Timer-default-1] eu.larkc.csparql.sparql.jena.JenaEngine  - Information about execution of query 5c1fc439-d6cf-41d2-ac61-469dd08c5639 
 Execution Time : 2 
 Results Number : 3 
 Total Memory : 122.0 mb 
 Free Memory : 82.0 mb 
 Memory Usage : 40.0 mb
INFO  436985 [2016-02-14 15:02:53,312] [com.espertech.esper.Timer-default-1] eu.larkc.csparql.core.engine.CsparqlEngineImpl  - results obtained in 4018409 nanoseconds
DEBUG 440982 [2016-02-14 15:02:57,309] [com.espertech.esper.Timer-default-1] eu.larkc.csparql.sparql.jena.JenaEngine  - Information about execution of query 5c1fc439-d6cf-41d2-ac61-469dd08c5639 
 Execution Time : 1 
 Results Number : 3 
 Total Memory : 122.0 mb 
 Free Memory : 81.0 mb 
 Memory Usage : 40.0 mb
INFO  440983 [2016-02-14 15:02:57,310] [com.espertech.esper.Timer-default-1] eu.larkc.csparql.core.engine.CsparqlEngineImpl  - results obtained in 1913756 nanoseconds
DEBUG 442983 [2016-02-14 15:02:59,310] [com.espertech.esper.Timer-default-1] eu.larkc.csparql.sparql.jena.JenaEngine  - Information about execution of query 5c1fc439-d6cf-41d2-ac61-469dd08c5639 
 Execution Time : 1 
 Results Number : 3 
 Total Memory : 122.0 mb 
 Free Memory : 80.0 mb 
 Memory Usage : 41.0 mb
INFO  442983 [2016-02-14 15:02:59,310] [com.espertech.esper.Timer-default-1] eu.larkc.csparql.core.engine.CsparqlEngineImpl  - results obtained in 1916493 nanoseconds
DEBUG 447082 [2016-02-14 15:03:03,409] [com.espertech.esper.Timer-default-1] eu.larkc.csparql.sparql.jena.JenaEngine  - Information about execution of query 5c1fc439-d6cf-41d2-ac61-469dd08c5639 
 Execution Time : 2 
 Results Number : 3 
 Total Memory : 122.0 mb 
 Free Memory : 80.0 mb 
 Memory Usage : 42.0 mb
INFO  447082 [2016-02-14 15:03:03,409] [com.espertech.esper.Timer-default-1] eu.larkc.csparql.core.engine.CsparqlEngineImpl  - results obtained in 1919914 nanoseconds
DEBUG 448983 [2016-02-14 15:03:05,310] [com.espertech.esper.Timer-default-1] eu.larkc.csparql.sparql.jena.JenaEngine  - Information about execution of query 5c1fc439-d6cf-41d2-ac61-469dd08c5639 
 Execution Time : 2 
 Results Number : 3 
 Total Memory : 122.0 mb 
 Free Memory : 79.0 mb 
 Memory Usage : 42.0 mb
INFO  448983 [2016-02-14 15:03:05,310] [com.espertech.esper.Timer-default-1] eu.larkc.csparql.core.engine.CsparqlEngineImpl  - results obtained in 1769729 nanoseconds
DEBUG 452983 [2016-02-14 15:03:09,310] [com.espertech.esper.Timer-default-1] eu.larkc.csparql.sparql.jena.JenaEngine  - Information about execution of query 5c1fc439-d6cf-41d2-ac61-469dd08c5639 
 Execution Time : 2 
 Results Number : 3 
 Total Memory : 122.0 mb 
 Free Memory : 79.0 mb 
 Memory Usage : 43.0 mb
INFO  452983 [2016-02-14 15:03:09,310] [com.espertech.esper.Timer-default-1] eu.larkc.csparql.core.engine.CsparqlEngineImpl  - results obtained in 1973283 nanoseconds
DEBUG 454983 [2016-02-14 15:03:11,310] [com.espertech.esper.Timer-default-1] eu.larkc.csparql.sparql.jena.JenaEngine  - Information about execution of query 5c1fc439-d6cf-41d2-ac61-469dd08c5639 
 Execution Time : 1 
 Results Number : 3 
 Total Memory : 122.0 mb 
 Free Memory : 78.0 mb 
 Memory Usage : 43.0 mb
INFO  454983 [2016-02-14 15:03:11,310] [com.espertech.esper.Timer-default-1] eu.larkc.csparql.core.engine.CsparqlEngineImpl  - results obtained in 1869624 nanoseconds
DEBUG 458983 [2016-02-14 15:03:15,310] [com.espertech.esper.Timer-default-1] eu.larkc.csparql.sparql.jena.JenaEngine  - Information about execution of query 5c1fc439-d6cf-41d2-ac61-469dd08c5639 
 Execution Time : 2 
 Results Number : 3 
 Total Memory : 122.0 mb 
 Free Memory : 78.0 mb 
 Memory Usage : 44.0 mb
INFO  458983 [2016-02-14 15:03:15,310] [com.espertech.esper.Timer-default-1] eu.larkc.csparql.core.engine.CsparqlEngineImpl  - results obtained in 1806676 nanoseconds
DEBUG 460983 [2016-02-14 15:03:17,310] [com.espertech.esper.Timer-default-1] eu.larkc.csparql.sparql.jena.JenaEngine  - Information about execution of query 5c1fc439-d6cf-41d2-ac61-469dd08c5639 
 Execution Time : 2 
 Results Number : 3 
 Total Memory : 122.0 mb 
 Free Memory : 77.0 mb 
 Memory Usage : 44.0 mb
INFO  460983 [2016-02-14 15:03:17,310] [com.espertech.esper.Timer-default-1] eu.larkc.csparql.core.engine.CsparqlEngineImpl  - results obtained in 2008179 nanoseconds
DEBUG 464982 [2016-02-14 15:03:21,309] [com.espertech.esper.Timer-default-1] eu.larkc.csparql.sparql.jena.JenaEngine  - Information about execution of query 5c1fc439-d6cf-41d2-ac61-469dd08c5639 
 Execution Time : 1 
 Results Number : 3 
 Total Memory : 122.0 mb 
 Free Memory : 77.0 mb 
 Memory Usage : 45.0 mb
INFO  464983 [2016-02-14 15:03:21,310] [com.espertech.esper.Timer-default-1] eu.larkc.csparql.core.engine.CsparqlEngineImpl  - results obtained in 1818308 nanoseconds
DEBUG 466983 [2016-02-14 15:03:23,310] [com.espertech.esper.Timer-default-1] eu.larkc.csparql.sparql.jena.JenaEngine  - Information about execution of query 5c1fc439-d6cf-41d2-ac61-469dd08c5639 
 Execution Time : 2 
 Results Number : 3 
 Total Memory : 122.0 mb 
 Free Memory : 76.0 mb 
 Memory Usage : 46.0 mb
INFO  466984 [2016-02-14 15:03:23,311] [com.espertech.esper.Timer-default-1] eu.larkc.csparql.core.engine.CsparqlEngineImpl  - results obtained in 2206601 nanoseconds
DEBUG 470994 [2016-02-14 15:03:27,321] [com.espertech.esper.Timer-default-1] eu.larkc.csparql.sparql.jena.JenaEngine  - Information about execution of query 5c1fc439-d6cf-41d2-ac61-469dd08c5639 
 Execution Time : 13 
 Results Number : 3 
 Total Memory : 122.0 mb 
 Free Memory : 104.0 mb 
 Memory Usage : 17.0 mb
INFO  470994 [2016-02-14 15:03:27,321] [com.espertech.esper.Timer-default-1] eu.larkc.csparql.core.engine.CsparqlEngineImpl  - results obtained in 12907079 nanoseconds
DEBUG 472983 [2016-02-14 15:03:29,310] [com.espertech.esper.Timer-default-1] eu.larkc.csparql.sparql.jena.JenaEngine  - Information about execution of query 5c1fc439-d6cf-41d2-ac61-469dd08c5639 
 Execution Time : 1 
 Results Number : 3 
 Total Memory : 122.0 mb 
 Free Memory : 104.0 mb 
 Memory Usage : 17.0 mb
INFO  472983 [2016-02-14 15:03:29,310] [com.espertech.esper.Timer-default-1] eu.larkc.csparql.core.engine.CsparqlEngineImpl  - results obtained in 1908625 nanoseconds
ERROR 1958801 [2016-02-14 15:28:15,128] [Thread-2] org.apache.jena.riot  - [line: 1, col: 1 ] Expected a { character to start a JSON Object but got [LT]
ERROR 1958883 [2016-02-14 15:28:15,210] [Thread-2] org.apache.jena.riot  - [line: 1, col: 7 ] Element or attribute do not match QName production: QName::=(NCName':')?NCName. 
DEBUG 1958989 [2016-02-14 15:28:15,316] [com.espertech.esper.Timer-default-1] eu.larkc.csparql.sparql.jena.JenaEngine  - Information about execution of query 5c1fc439-d6cf-41d2-ac61-469dd08c5639 
 Execution Time : 7 
 Results Number : 8 
 Total Memory : 122.0 mb 
 Free Memory : 95.0 mb 
 Memory Usage : 26.0 mb
INFO  1958989 [2016-02-14 15:28:15,316] [com.espertech.esper.Timer-default-1] eu.larkc.csparql.core.engine.CsparqlEngineImpl  - results obtained in 7907844 nanoseconds
ERROR 2155470 [2016-02-14 15:31:31,797] [Thread-2] org.apache.jena.riot  - [line: 1, col: 1 ] Expected a { character to start a JSON Object but got [LT]
DEBUG 2157285 [2016-02-14 15:31:33,612] [com.espertech.esper.Timer-default-1] eu.larkc.csparql.sparql.jena.JenaEngine  - Information about execution of query 5c1fc439-d6cf-41d2-ac61-469dd08c5639 
 Execution Time : 181 
 Results Number : 3339 
 Total Memory : 125.0 mb 
 Free Memory : 84.0 mb 
 Memory Usage : 40.0 mb
INFO  2157286 [2016-02-14 15:31:33,613] [com.espertech.esper.Timer-default-1] eu.larkc.csparql.core.engine.CsparqlEngineImpl  - results obtained in 276962019 nanoseconds
ERROR 2645163 [2016-02-14 15:39:41,490] [Thread-2] org.apache.jena.riot  - [line: 1, col: 1 ] Expected a { character to start a JSON Object but got [LT]
DEBUG 2646995 [2016-02-14 15:39:43,322] [com.espertech.esper.Timer-default-1] eu.larkc.csparql.sparql.jena.JenaEngine  - Information about execution of query 5c1fc439-d6cf-41d2-ac61-469dd08c5639 
 Execution Time : 2 
 Results Number : 15 
 Total Memory : 125.0 mb 
 Free Memory : 75.0 mb 
 Memory Usage : 49.0 mb
INFO  2646995 [2016-02-14 15:39:43,322] [com.espertech.esper.Timer-default-1] eu.larkc.csparql.core.engine.CsparqlEngineImpl  - results obtained in 13544770 nanoseconds
DEBUG 0 [2016-03-13 21:01:42,557] [main] polimi.deib.rsp_services_csparql.commons.Csparql_Engine  - Timestamp function enabled
DEBUG 3154 [2016-03-13 21:01:45,711] [main] polimi.deib.rsp_services_csparql.server.rsp_services_csparql_server  - Static resources path: F:\workspace\rsp_services_csparql
DEBUG 0 [2016-03-13 21:03:45,340] [main] polimi.deib.rsp_services_csparql.commons.Csparql_Engine  - Timestamp function enabled
DEBUG 952 [2016-03-13 21:03:46,292] [main] polimi.deib.rsp_services_csparql.server.rsp_services_csparql_server  - Static resources path: F:\workspace\rsp_services_csparql
DEBUG 0 [2016-03-13 21:06:14,365] [main] polimi.deib.rsp_services_csparql.commons.Csparql_Engine  - Timestamp function enabled
DEBUG 978 [2016-03-13 21:06:15,343] [main] polimi.deib.rsp_services_csparql.server.rsp_services_csparql_server  - Static resources path: F:\workspace\rsp_services_csparql
DEBUG 0 [2016-03-21 21:58:16,763] [main] polimi.deib.rsp_services_csparql.commons.Csparql_Engine  - Timestamp function enabled
DEBUG 1652 [2016-03-21 21:58:18,415] [main] polimi.deib.rsp_services_csparql.server.rsp_services_csparql_server  - Static resources path: F:\workspace\rsp_services_csparql
DEBUG 0 [2016-03-21 22:01:51,894] [main] polimi.deib.rsp_services_csparql.commons.Csparql_Engine  - Timestamp function enabled
DEBUG 1090 [2016-03-21 22:01:52,984] [main] polimi.deib.rsp_services_csparql.server.rsp_services_csparql_server  - Static resources path: F:\workspace\rsp_services_csparql
